<?xml version="1.0" encoding="UTF-8"?>
<beans xmlns="http://www.springframework.org/schema/beans"
       xmlns:xsi="http://www.w3.org/2001/XMLSchema-instance"
       xmlns:aop="http://www.springframework.org/schema/aop"
       xmlns:tx="http://www.springframework.org/schema/tx"
       xmlns:context="http://www.springframework.org/schema/context"
       xmlns:jdbc="http://www.springframework.org/schema/jdbc"
       xsi:schemaLocation="http://www.springframework.org/schema/beans
                           http://www.springframework.org/schema/beans/spring-beans-3.0.xsd
                           http://www.springframework.org/schema/aop
                           http://www.springframework.org/schema/aop/spring-aop-3.0.xsd
                           http://www.springframework.org/schema/tx
                           http://www.springframework.org/schema/tx/spring-tx-3.0.xsd
                           http://www.springframework.org/schema/context
                           https://www.springframework.org/schema/context/spring-context.xsd
                           http://www.springframework.org/schema/jdbc
                           http://www.springframework.org/schema/jdbc/spring-jdbc.xsd">

    <!--<aop:config>
        <aop:pointcut id="transactionPointcut" expression="execution(* *..*ServiceImpl.*(..))"/>
        <aop:advisor advice-ref="transactionInterceptor" pointcut-ref="transactionPointcut"/>
    </aop:config>-->

    <!--<aop:config>
        <aop:advisor advice-ref="uppercaseAdvice" pointcut="execution(* *..Hello*.sayH*(..))"/>
    </aop:config>-->


    <!--<tx:advice id="transactionInterceptor">
        <tx:attributes>
            <tx:method name="get*" read-only="true"/>
            <tx:method name="*"/>
        </tx:attributes>
    </tx:advice>-->

    <!--<jdbc:embedded-database id="embeddedDatabase" type="HSQL">
        <jdbc:script location="classpath:META-INF/embeddedDb/sqlRegistrySchema.sql"/>
        <jdbc:script location="classpath:META-INF/embeddedDb/data.sql"/>
    </jdbc:embedded-database>-->


    <tx:annotation-driven/>

    <beans>

        <context:annotation-config/>
        <bean class="org.springframework.aop.framework.autoproxy.DefaultAdvisorAutoProxyCreator"/>


        <!--<bean id="sqlRegistry" class="user.sqlService.EmbeddedDbSqlRegistry">
            <property name="dataSource" ref="embeddedDatabase"/>
        </bean>


        <bean id="jdbcTemplate" class="org.springframework.jdbc.core.JdbcTemplate">
            <property name="dataSource" ref="embeddedDatabase"/>
        </bean>-->
        <!--<bean id="todoMapper" class="user.mapper.TodoMapper"/>-->

        <!--<bean id="todoDAO" class="user.dao.TodoDAO">
            <property name="dataSource" ref="dataSource"/>
            <property name="jdbcTemplate" ref="jdbcTemplate"/>
            <property name="rowMapper" ref="todoMapper"/>
        </bean>-->

        <!--<bean id="sqlService" class="user.sqlService.XmlSqlService" init-method="afterPropertiesSet" destroy-method="destroy">
            <property name="sqlmapFile" value="/META-INF/sqlmap.xml"/>
        </bean>-->

        <bean id="hello" class="proxy.HelloWorld"/>

        <bean id="uppercaseAdvice" class="proxy.UppercaseAdvice"/>

        <!--<bean id="unmarshaller" class="org.springframework.oxm.jaxb.Jaxb2Marshaller">
            <property name="contextPath" value="/user/xmlBinding/sqlmap"/>
        </bean>-->

    </beans>

</beans>